0 info it worked if it ends with ok
1 verbose cli [ 'C:\\Program Files\\nodejs\\node.exe',
1 verbose cli   'C:\\Program Files\\nodejs\\node_modules\\npm\\bin\\npm-cli.js',
1 verbose cli   'start' ]
2 info using npm@4.1.2
3 info using node@v7.6.0
4 verbose run-script [ 'prestart', 'start', 'poststart' ]
5 info lifecycle bloc-frontend-project-starter@0.0.3~prestart: bloc-frontend-project-starter@0.0.3
6 silly lifecycle bloc-frontend-project-starter@0.0.3~prestart: no script for prestart, continuing
7 info lifecycle bloc-frontend-project-starter@0.0.3~start: bloc-frontend-project-starter@0.0.3
8 verbose lifecycle bloc-frontend-project-starter@0.0.3~start: unsafe-perm in lifecycle true
9 verbose lifecycle bloc-frontend-project-starter@0.0.3~start: PATH: C:\Program Files\nodejs\node_modules\npm\bin\node-gyp-bin;C:\Users\dlkve\Documents\GitHub\bloc-chat\node_modules\.bin;C:\Users\dlkve\AppData\Local\GitHub\PortableGit_f02737a78695063deace08e96d5042710d3e32db\cmd;C:\Users\dlkve\AppData\Local\GitHub\PortableGit_f02737a78695063deace08e96d5042710d3e32db\usr\bin;C:\Users\dlkve\AppData\Local\GitHub\PortableGit_f02737a78695063deace08e96d5042710d3e32db\usr\share\git-tfs;C:\Users\dlkve\AppData\Local\Apps\2.0\MGO2GDA5.43O\DTCNMDEJ.TXY\gith..tion_317444273a93ac29_0003.0003_5794af8169eeff14;C:\Users\dlkve\AppData\Local\GitHub\lfs-amd64_1.5.5;C:\tools\ruby23\bin;C:\Program Files (x86)\Intel\TXE Components\TCS\;C:\Program Files\Intel\TXE Components\TCS\;C:\WINDOWS\system32;C:\WINDOWS;C:\WINDOWS\System32\Wbem;C:\WINDOWS\System32\WindowsPowerShell\v1.0\;C:\Program Files\Intel\TXE Components\DAL\;C:\Program Files (x86)\Intel\TXE Components\DAL\;C:\Program Files\Intel\TXE Components\IPT\;C:\Program Files (x86)\Intel\TXE Components\IPT\;C:\Program Files\Intel\WiFi\bin\;C:\Program Files\Common Files\Intel\WirelessCommon\;C:\Program Files (x86)\Brackets\command;C:\ProgramData\chocolatey\bin;C:\Program Files\nodejs\;C:\Program Files (x86)\Skype\Phone\;C:\Users\dlkve\AppData\Local\Microsoft\WindowsApps;C:\Users\dlkve\AppData\Roaming\npm;C:\Windows\Microsoft.NET\Framework\v4.0.30319\
10 verbose lifecycle bloc-frontend-project-starter@0.0.3~start: CWD: C:\Users\dlkve\Documents\GitHub\bloc-chat
11 silly lifecycle bloc-frontend-project-starter@0.0.3~start: Args: [ '/d /s /c', 'node server.js' ]
12 silly lifecycle bloc-frontend-project-starter@0.0.3~start: Returned: code: 3221225786  signal: null
13 info lifecycle bloc-frontend-project-starter@0.0.3~start: Failed to exec start script
14 verbose stack Error: bloc-frontend-project-starter@0.0.3 start: `node server.js`
14 verbose stack Exit status 3221225786
14 verbose stack     at EventEmitter.<anonymous> (C:\Program Files\nodejs\node_modules\npm\lib\utils\lifecycle.js:279:16)
14 verbose stack     at emitTwo (events.js:106:13)
14 verbose stack     at EventEmitter.emit (events.js:192:7)
14 verbose stack     at ChildProcess.<anonymous> (C:\Program Files\nodejs\node_modules\npm\lib\utils\spawn.js:40:14)
14 verbose stack     at emitTwo (events.js:106:13)
14 verbose stack     at ChildProcess.emit (events.js:192:7)
14 verbose stack     at maybeClose (internal/child_process.js:890:16)
14 verbose stack     at Process.ChildProcess._handle.onexit (internal/child_process.js:226:5)
15 verbose pkgid bloc-frontend-project-starter@0.0.3
16 verbose cwd C:\Users\dlkve\Documents\GitHub\bloc-chat
17 error Windows_NT 10.0.14393
18 error argv "C:\\Program Files\\nodejs\\node.exe" "C:\\Program Files\\nodejs\\node_modules\\npm\\bin\\npm-cli.js" "start"
19 error node v7.6.0
20 error npm  v4.1.2
21 error code ELIFECYCLE
22 error bloc-frontend-project-starter@0.0.3 start: `node server.js`
22 error Exit status 3221225786
23 error Failed at the bloc-frontend-project-starter@0.0.3 start script 'node server.js'.
23 error Make sure you have the latest version of node.js and npm installed.
23 error If you do, this is most likely a problem with the bloc-frontend-project-starter package,
23 error not with npm itself.
23 error Tell the author that this fails on your system:
23 error     node server.js
23 error You can get information on how to open an issue for this project with:
23 error     npm bugs bloc-frontend-project-starter
23 error Or if that isn't available, you can get their info via:
23 error     npm owner ls bloc-frontend-project-starter
23 error There is likely additional logging output above.
24 verbose exit [ 1, true ]
